# JRE version: OpenJDK Runtime Environment (8.0_242-b01) (build 1.8.0_242-release-1644-b01)
# Java VM: OpenJDK 64-Bit Server VM (25.242-b01 mixed mode windows-amd64 compressed oops)
Heap:
 PSYoungGen      total 413696K, used 282405K [0x00000000d5580000, 0x00000000f6300000, 0x0000000100000000)
  eden space 384512K, 67% used [0x00000000d5580000,0x00000000e5197520,0x00000000ecd00000)
  from space 29184K, 83% used [0x00000000f0100000,0x00000000f18b1f18,0x00000000f1d80000)
  to   space 53248K, 0% used [0x00000000ecd00000,0x00000000ecd00000,0x00000000f0100000)
 ParOldGen       total 206336K, used 114836K [0x0000000080000000, 0x000000008c980000, 0x00000000d5580000)
  object space 206336K, 55% used [0x0000000080000000,0x0000000087025298,0x000000008c980000)
 Metaspace       used 81037K, capacity 84938K, committed 87576K, reserved 1126400K
  class space    used 10988K, capacity 11732K, committed 12592K, reserved 1048576K
GC Heap History (10 events):
Event: 8.546 GC heap before
{Heap before GC invocations=14 (full 3):
 PSYoungGen      total 413696K, used 81081K [0x00000000d5580000, 0x00000000f6300000, 0x0000000100000000)
  eden space 384512K, 13% used [0x00000000d5580000,0x00000000d8831518,0x00000000ecd00000)
  from space 29184K, 99% used [0x00000000f0100000,0x00000000f1d7d090,0x00000000f1d80000)
  to   space 53248K, 0% used [0x00000000ecd00000,0x00000000ecd00000,0x00000000f0100000)
 ParOldGen       total 206336K, used 97119K [0x0000000080000000, 0x000000008c980000, 0x00000000d5580000)
  object space 206336K, 47% used [0x0000000080000000,0x0000000085ed7db8,0x000000008c980000)
 Metaspace       used 78934K, capacity 84170K, committed 84248K, reserved 1128448K
  class space    used 11175K, capacity 12274K, committed 12336K, reserved 1048576K
Event: 8.567 GC heap after
Heap after GC invocations=14 (full 3):
 PSYoungGen      total 437760K, used 9253K [0x00000000d5580000, 0x00000000f6300000, 0x0000000100000000)
  eden space 384512K, 0% used [0x00000000d5580000,0x00000000d5580000,0x00000000ecd00000)
  from space 53248K, 17% used [0x00000000ecd00000,0x00000000ed6094e0,0x00000000f0100000)
  to   space 29184K, 0% used [0x00000000f0100000,0x00000000f0100000,0x00000000f1d80000)
 ParOldGen       total 206336K, used 125752K [0x0000000080000000, 0x000000008c980000, 0x00000000d5580000)
  object space 206336K, 60% used [0x0000000080000000,0x0000000087ace030,0x000000008c980000)
 Metaspace       used 78934K, capacity 84170K, committed 84248K, reserved 1128448K
  class space    used 11175K, capacity 12274K, committed 12336K, reserved 1048576K
}
Event: 8.567 GC heap before
{Heap before GC invocations=15 (full 4):
 PSYoungGen      total 437760K, used 9253K [0x00000000d5580000, 0x00000000f6300000, 0x0000000100000000)
  eden space 384512K, 0% used [0x00000000d5580000,0x00000000d5580000,0x00000000ecd00000)
  from space 53248K, 17% used [0x00000000ecd00000,0x00000000ed6094e0,0x00000000f0100000)
  to   space 29184K, 0% used [0x00000000f0100000,0x00000000f0100000,0x00000000f1d80000)
 ParOldGen       total 206336K, used 125752K [0x0000000080000000, 0x000000008c980000, 0x00000000d5580000)
  object space 206336K, 60% used [0x0000000080000000,0x0000000087ace030,0x000000008c980000)
 Metaspace       used 78934K, capacity 84170K, committed 84248K, reserved 1128448K
  class space    used 11175K, capacity 12274K, committed 12336K, reserved 1048576K
Event: 8.790 GC heap after
Heap after GC invocations=15 (full 4):
 PSYoungGen      total 437760K, used 0K [0x00000000d5580000, 0x00000000f6300000, 0x0000000100000000)
  eden space 384512K, 0% used [0x00000000d5580000,0x00000000d5580000,0x00000000ecd00000)
  from space 53248K, 0% used [0x00000000ecd00000,0x00000000ecd00000,0x00000000f0100000)
  to   space 29184K, 0% used [0x00000000f0100000,0x00000000f0100000,0x00000000f1d80000)
 ParOldGen       total 206336K, used 114820K [0x0000000080000000, 0x000000008c980000, 0x00000000d5580000)
  object space 206336K, 55% used [0x0000000080000000,0x0000000087021298,0x000000008c980000)
 Metaspace       used 77595K, capacity 81096K, committed 84248K, reserved 1124352K
  class space    used 10696K, capacity 11415K, committed 12336K, reserved 1048576K
}
Event: 9.630 GC heap before
{Heap before GC invocations=16 (full 4):
 PSYoungGen      total 437760K, used 384512K [0x00000000d5580000, 0x00000000f6300000, 0x0000000100000000)
  eden space 384512K, 100% used [0x00000000d5580000,0x00000000ecd00000,0x00000000ecd00000)
  from space 53248K, 0% used [0x00000000ecd00000,0x00000000ecd00000,0x00000000f0100000)
  to   space 29184K, 0% used [0x00000000f0100000,0x00000000f0100000,0x00000000f1d80000)
 ParOldGen       total 206336K, used 114820K [0x0000000080000000, 0x000000008c980000, 0x00000000d5580000)
  object space 206336K, 55% used [0x0000000080000000,0x0000000087021298,0x000000008c980000)
 Metaspace       used 79126K, capacity 82758K, committed 85912K, reserved 1124352K
  class space    used 10827K, capacity 11564K, committed 12464K, reserved 1048576K
Event: 9.644 GC heap after
Heap after GC invocations=16 (full 4):
 PSYoungGen      total 413696K, used 15077K [0x00000000d5580000, 0x00000000f6300000, 0x0000000100000000)
  eden space 384512K, 0% used [0x00000000d5580000,0x00000000d5580000,0x00000000ecd00000)
  from space 29184K, 51% used [0x00000000f0100000,0x00000000f0fb9540,0x00000000f1d80000)
  to   space 53248K, 0% used [0x00000000ecd00000,0x00000000ecd00000,0x00000000f0100000)
 ParOldGen       total 206336K, used 114820K [0x0000000080000000, 0x000000008c980000, 0x00000000d5580000)
  object space 206336K, 55% used [0x0000000080000000,0x0000000087021298,0x000000008c980000)
 Metaspace       used 79126K, capacity 82758K, committed 85912K, reserved 1124352K
  class space    used 10827K, capacity 11564K, committed 12464K, reserved 1048576K
}
Event: 10.092 GC heap before
{Heap before GC invocations=17 (full 4):
 PSYoungGen      total 413696K, used 399589K [0x00000000d5580000, 0x00000000f6300000, 0x0000000100000000)
  eden space 384512K, 100% used [0x00000000d5580000,0x00000000ecd00000,0x00000000ecd00000)
  from space 29184K, 51% used [0x00000000f0100000,0x00000000f0fb9540,0x00000000f1d80000)
  to   space 53248K, 0% used [0x00000000ecd00000,0x00000000ecd00000,0x00000000f0100000)
 ParOldGen       total 206336K, used 114820K [0x0000000080000000, 0x000000008c980000, 0x00000000d5580000)
  object space 206336K, 55% used [0x0000000080000000,0x0000000087021298,0x000000008c980000)
 Metaspace       used 79680K, capacity 83270K, committed 86424K, reserved 1124352K
  class space    used 10827K, capacity 11564K, committed 12464K, reserved 1048576K
Event: 10.106 GC heap after
Heap after GC invocations=17 (full 4):
 PSYoungGen      total 437760K, used 18980K [0x00000000d5580000, 0x00000000f6300000, 0x0000000100000000)
  eden space 384512K, 0% used [0x00000000d5580000,0x00000000d5580000,0x00000000ecd00000)
  from space 53248K, 35% used [0x00000000ecd00000,0x00000000edf890f0,0x00000000f0100000)
  to   space 29184K, 0% used [0x00000000f0100000,0x00000000f0100000,0x00000000f1d80000)
 ParOldGen       total 206336K, used 114828K [0x0000000080000000, 0x000000008c980000, 0x00000000d5580000)
  object space 206336K, 55% used [0x0000000080000000,0x0000000087023298,0x000000008c980000)
 Metaspace       used 79680K, capacity 83270K, committed 86424K, reserved 1124352K
  class space    used 10827K, capacity 11564K, committed 12464K, reserved 1048576K
}
Event: 10.435 GC heap before
{Heap before GC invocations=18 (full 4):
 PSYoungGen      total 437760K, used 403492K [0x00000000d5580000, 0x00000000f6300000, 0x0000000100000000)
  eden space 384512K, 100% used [0x00000000d5580000,0x00000000ecd00000,0x00000000ecd00000)
  from space 53248K, 35% used [0x00000000ecd00000,0x00000000edf890f0,0x00000000f0100000)
  to   space 29184K, 0% used [0x00000000f0100000,0x00000000f0100000,0x00000000f1d80000)
 ParOldGen       total 206336K, used 114828K [0x0000000080000000, 0x000000008c980000, 0x00000000d5580000)
  object space 206336K, 55% used [0x0000000080000000,0x0000000087023298,0x000000008c980000)
 Metaspace       used 79866K, capacity 83568K, committed 86680K, reserved 1126400K
  class space    used 10832K, capacity 11569K, committed 12464K, reserved 1048576K
Event: 10.453 GC heap after
Heap after GC invocations=18 (full 4):
 PSYoungGen      total 413696K, used 24263K [0x00000000d5580000, 0x00000000f6300000, 0x0000000100000000)
  eden space 384512K, 0% used [0x00000000d5580000,0x00000000d5580000,0x00000000ecd00000)
  from space 29184K, 83% used [0x00000000f0100000,0x00000000f18b1f18,0x00000000f1d80000)
  to   space 53248K, 0% used [0x00000000ecd00000,0x00000000ecd00000,0x00000000f0100000)
 ParOldGen       total 206336K, used 114836K [0x0000000080000000, 0x000000008c980000, 0x00000000d5580000)
  object space 206336K, 55% used [0x0000000080000000,0x0000000087025298,0x000000008c980000)
 Metaspace       used 79866K, capacity 83568K, committed 86680K, reserved 1126400K
  class space    used 10832K, capacity 11569K, committed 12464K, reserved 1048576K
}

