# JRE version: OpenJDK Runtime Environment (8.0_242-b01) (build 1.8.0_242-release-1644-b01)
# Java VM: OpenJDK 64-Bit Server VM (25.242-b01 mixed mode windows-amd64 compressed oops)
Heap:
 PSYoungGen      total 399872K, used 315396K [0x00000000d5580000, 0x00000000f0800000, 0x0000000100000000)
  eden space 356864K, 85% used [0x00000000d5580000,0x00000000e7f2a590,0x00000000eb200000)
  from space 43008K, 24% used [0x00000000eb200000,0x00000000ebc56b30,0x00000000edc00000)
  to   space 44544K, 0% used [0x00000000edc00000,0x00000000edc00000,0x00000000f0780000)
 ParOldGen       total 206336K, used 171878K [0x0000000080000000, 0x000000008c980000, 0x00000000d5580000)
  object space 206336K, 83% used [0x0000000080000000,0x000000008a7d9898,0x000000008c980000)
 Metaspace       used 88225K, capacity 92814K, committed 96152K, reserved 1132544K
  class space    used 11794K, capacity 12650K, committed 13488K, reserved 1048576K
GC Heap History (10 events):
Event: 15.678 GC heap before
{Heap before GC invocations=23 (full 4):
 PSYoungGen      total 339968K, used 13086K [0x00000000d5580000, 0x00000000ed680000, 0x0000000100000000)
  eden space 303104K, 0% used [0x00000000d5580000,0x00000000d5580000,0x00000000e7d80000)
  from space 36864K, 35% used [0x00000000e7d80000,0x00000000e8a478e0,0x00000000ea180000)
  to   space 25088K, 0% used [0x00000000ea180000,0x00000000ea180000,0x00000000eba00000)
 ParOldGen       total 206336K, used 182250K [0x0000000080000000, 0x000000008c980000, 0x00000000d5580000)
  object space 206336K, 88% used [0x0000000080000000,0x000000008b1fa8f8,0x000000008c980000)
 Metaspace       used 89084K, capacity 95526K, committed 95896K, reserved 1132544K
  class space    used 12197K, capacity 13384K, committed 13488K, reserved 1048576K
Event: 16.016 GC heap after
Heap after GC invocations=23 (full 4):
 PSYoungGen      total 339968K, used 0K [0x00000000d5580000, 0x00000000ed680000, 0x0000000100000000)
  eden space 303104K, 0% used [0x00000000d5580000,0x00000000d5580000,0x00000000e7d80000)
  from space 36864K, 0% used [0x00000000e7d80000,0x00000000e7d80000,0x00000000ea180000)
  to   space 25088K, 0% used [0x00000000ea180000,0x00000000ea180000,0x00000000eba00000)
 ParOldGen       total 206336K, used 153897K [0x0000000080000000, 0x000000008c980000, 0x00000000d5580000)
  object space 206336K, 74% used [0x0000000080000000,0x000000008964a7c8,0x000000008c980000)
 Metaspace       used 87787K, capacity 92240K, committed 95896K, reserved 1132544K
  class space    used 11742K, capacity 12577K, committed 13488K, reserved 1048576K
}
Event: 16.335 GC heap before
{Heap before GC invocations=24 (full 4):
 PSYoungGen      total 339968K, used 303104K [0x00000000d5580000, 0x00000000ed680000, 0x0000000100000000)
  eden space 303104K, 100% used [0x00000000d5580000,0x00000000e7d80000,0x00000000e7d80000)
  from space 36864K, 0% used [0x00000000e7d80000,0x00000000e7d80000,0x00000000ea180000)
  to   space 25088K, 0% used [0x00000000ea180000,0x00000000ea180000,0x00000000eba00000)
 ParOldGen       total 206336K, used 153897K [0x0000000080000000, 0x000000008c980000, 0x00000000d5580000)
  object space 206336K, 74% used [0x0000000080000000,0x000000008964a7c8,0x000000008c980000)
 Metaspace       used 87831K, capacity 92308K, committed 95896K, reserved 1132544K
  class space    used 11762K, capacity 12615K, committed 13488K, reserved 1048576K
Event: 16.344 GC heap after
Heap after GC invocations=24 (full 4):
 PSYoungGen      total 319488K, used 8487K [0x00000000d5580000, 0x00000000f1100000, 0x0000000100000000)
  eden space 294400K, 0% used [0x00000000d5580000,0x00000000d5580000,0x00000000e7500000)
  from space 25088K, 33% used [0x00000000ea180000,0x00000000ea9c9f28,0x00000000eba00000)
  to   space 45568K, 0% used [0x00000000e7500000,0x00000000e7500000,0x00000000ea180000)
 ParOldGen       total 206336K, used 153897K [0x0000000080000000, 0x000000008c980000, 0x00000000d5580000)
  object space 206336K, 74% used [0x0000000080000000,0x000000008964a7c8,0x000000008c980000)
 Metaspace       used 87831K, capacity 92308K, committed 95896K, reserved 1132544K
  class space    used 11762K, capacity 12615K, committed 13488K, reserved 1048576K
}
Event: 16.616 GC heap before
{Heap before GC invocations=25 (full 4):
 PSYoungGen      total 319488K, used 302887K [0x00000000d5580000, 0x00000000f1100000, 0x0000000100000000)
  eden space 294400K, 100% used [0x00000000d5580000,0x00000000e7500000,0x00000000e7500000)
  from space 25088K, 33% used [0x00000000ea180000,0x00000000ea9c9f28,0x00000000eba00000)
  to   space 45568K, 0% used [0x00000000e7500000,0x00000000e7500000,0x00000000ea180000)
 ParOldGen       total 206336K, used 153897K [0x0000000080000000, 0x000000008c980000, 0x00000000d5580000)
  object space 206336K, 74% used [0x0000000080000000,0x000000008964a7c8,0x000000008c980000)
 Metaspace       used 87939K, capacity 92512K, committed 95896K, reserved 1132544K
  class space    used 11775K, capacity 12629K, committed 13488K, reserved 1048576K
Event: 16.630 GC heap after
Heap after GC invocations=25 (full 4):
 PSYoungGen      total 339968K, used 9667K [0x00000000d5580000, 0x00000000f0780000, 0x0000000100000000)
  eden space 294400K, 0% used [0x00000000d5580000,0x00000000d5580000,0x00000000e7500000)
  from space 45568K, 21% used [0x00000000e7500000,0x00000000e7e70c30,0x00000000ea180000)
  to   space 44544K, 0% used [0x00000000edc00000,0x00000000edc00000,0x00000000f0780000)
 ParOldGen       total 206336K, used 160803K [0x0000000080000000, 0x000000008c980000, 0x00000000d5580000)
  object space 206336K, 77% used [0x0000000080000000,0x0000000089d08ec0,0x000000008c980000)
 Metaspace       used 87939K, capacity 92512K, committed 95896K, reserved 1132544K
  class space    used 11775K, capacity 12629K, committed 13488K, reserved 1048576K
}
Event: 16.920 GC heap before
{Heap before GC invocations=26 (full 4):
 PSYoungGen      total 339968K, used 304067K [0x00000000d5580000, 0x00000000f0780000, 0x0000000100000000)
  eden space 294400K, 100% used [0x00000000d5580000,0x00000000e7500000,0x00000000e7500000)
  from space 45568K, 21% used [0x00000000e7500000,0x00000000e7e70c30,0x00000000ea180000)
  to   space 44544K, 0% used [0x00000000edc00000,0x00000000edc00000,0x00000000f0780000)
 ParOldGen       total 206336K, used 160803K [0x0000000080000000, 0x000000008c980000, 0x00000000d5580000)
  object space 206336K, 77% used [0x0000000080000000,0x0000000089d08ec0,0x000000008c980000)
 Metaspace       used 88122K, capacity 92648K, committed 95896K, reserved 1132544K
  class space    used 11788K, capacity 12643K, committed 13488K, reserved 1048576K
Event: 16.938 GC heap after
Heap after GC invocations=26 (full 4):
 PSYoungGen      total 401408K, used 12287K [0x00000000d5580000, 0x00000000f0800000, 0x0000000100000000)
  eden space 356864K, 0% used [0x00000000d5580000,0x00000000d5580000,0x00000000eb200000)
  from space 44544K, 27% used [0x00000000edc00000,0x00000000ee7ffc28,0x00000000f0780000)
  to   space 43008K, 0% used [0x00000000eb200000,0x00000000eb200000,0x00000000edc00000)
 ParOldGen       total 206336K, used 165952K [0x0000000080000000, 0x000000008c980000, 0x00000000d5580000)
  object space 206336K, 80% used [0x0000000080000000,0x000000008a210138,0x000000008c980000)
 Metaspace       used 88122K, capacity 92648K, committed 95896K, reserved 1132544K
  class space    used 11788K, capacity 12643K, committed 13488K, reserved 1048576K
}
Event: 17.297 GC heap before
{Heap before GC invocations=27 (full 4):
 PSYoungGen      total 401408K, used 369151K [0x00000000d5580000, 0x00000000f0800000, 0x0000000100000000)
  eden space 356864K, 100% used [0x00000000d5580000,0x00000000eb200000,0x00000000eb200000)
  from space 44544K, 27% used [0x00000000edc00000,0x00000000ee7ffc28,0x00000000f0780000)
  to   space 43008K, 0% used [0x00000000eb200000,0x00000000eb200000,0x00000000edc00000)
 ParOldGen       total 206336K, used 165952K [0x0000000080000000, 0x000000008c980000, 0x00000000d5580000)
  object space 206336K, 80% used [0x0000000080000000,0x000000008a210138,0x000000008c980000)
 Metaspace       used 88198K, capacity 92748K, committed 96152K, reserved 1132544K
  class space    used 11793K, capacity 12649K, committed 13488K, reserved 1048576K
Event: 17.311 GC heap after
Heap after GC invocations=27 (full 4):
 PSYoungGen      total 399872K, used 10586K [0x00000000d5580000, 0x00000000f0800000, 0x0000000100000000)
  eden space 356864K, 0% used [0x00000000d5580000,0x00000000d5580000,0x00000000eb200000)
  from space 43008K, 24% used [0x00000000eb200000,0x00000000ebc56b30,0x00000000edc00000)
  to   space 44544K, 0% used [0x00000000edc00000,0x00000000edc00000,0x00000000f0780000)
 ParOldGen       total 206336K, used 171878K [0x0000000080000000, 0x000000008c980000, 0x00000000d5580000)
  object space 206336K, 83% used [0x0000000080000000,0x000000008a7d9898,0x000000008c980000)
 Metaspace       used 88198K, capacity 92748K, committed 96152K, reserved 1132544K
  class space    used 11793K, capacity 12649K, committed 13488K, reserved 1048576K
}

