# JRE version: OpenJDK Runtime Environment (8.0_242-b01) (build 1.8.0_242-release-1644-b01)
# Java VM: OpenJDK 64-Bit Server VM (25.242-b01 mixed mode windows-amd64 compressed oops)
Heap:
 PSYoungGen      total 333824K, used 302995K [0x00000000d5580000, 0x00000000ef080000, 0x0000000100000000)
  eden space 304128K, 91% used [0x00000000d5580000,0x00000000e66a1e80,0x00000000e7e80000)
  from space 29696K, 78% used [0x00000000e7e80000,0x00000000e9543108,0x00000000e9b80000)
  to   space 31744K, 0% used [0x00000000ed180000,0x00000000ed180000,0x00000000ef080000)
 ParOldGen       total 303104K, used 62387K [0x0000000080000000, 0x0000000092800000, 0x00000000d5580000)
  object space 303104K, 20% used [0x0000000080000000,0x0000000083cecda8,0x0000000092800000)
 Metaspace       used 101743K, capacity 107188K, committed 107468K, reserved 1142784K
  class space    used 13262K, capacity 14447K, committed 14592K, reserved 1048576K
GC Heap History (10 events):
Event: 9.998 GC heap before
{Heap before GC invocations=15 (full 3):
 PSYoungGen      total 236544K, used 236521K [0x00000000d5580000, 0x00000000e8400000, 0x0000000100000000)
  eden space 216576K, 100% used [0x00000000d5580000,0x00000000e2900000,0x00000000e2900000)
  from space 19968K, 99% used [0x00000000e2900000,0x00000000e3c7a4c8,0x00000000e3c80000)
  to   space 23040K, 0% used [0x00000000e6d80000,0x00000000e6d80000,0x00000000e8400000)
 ParOldGen       total 198144K, used 32677K [0x0000000080000000, 0x000000008c180000, 0x00000000d5580000)
  object space 198144K, 16% used [0x0000000080000000,0x0000000081fe9680,0x000000008c180000)
 Metaspace       used 79709K, capacity 83820K, committed 83928K, reserved 1122304K
  class space    used 10865K, capacity 11673K, committed 11776K, reserved 1048576K
Event: 10.016 GC heap after
Heap after GC invocations=15 (full 3):
 PSYoungGen      total 282624K, used 18933K [0x00000000d5580000, 0x00000000e8380000, 0x0000000100000000)
  eden space 260096K, 0% used [0x00000000d5580000,0x00000000d5580000,0x00000000e5380000)
  from space 22528K, 84% used [0x00000000e6d80000,0x00000000e7ffd5a8,0x00000000e8380000)
  to   space 24576K, 0% used [0x00000000e5380000,0x00000000e5380000,0x00000000e6b80000)
 ParOldGen       total 198144K, used 44837K [0x0000000080000000, 0x000000008c180000, 0x00000000d5580000)
  object space 198144K, 22% used [0x0000000080000000,0x0000000082bc9558,0x000000008c180000)
 Metaspace       used 79709K, capacity 83820K, committed 83928K, reserved 1122304K
  class space    used 10865K, capacity 11673K, committed 11776K, reserved 1048576K
}
Event: 55.016 GC heap before
{Heap before GC invocations=16 (full 3):
 PSYoungGen      total 282624K, used 279029K [0x00000000d5580000, 0x00000000e8380000, 0x0000000100000000)
  eden space 260096K, 100% used [0x00000000d5580000,0x00000000e5380000,0x00000000e5380000)
  from space 22528K, 84% used [0x00000000e6d80000,0x00000000e7ffd5a8,0x00000000e8380000)
  to   space 24576K, 0% used [0x00000000e5380000,0x00000000e5380000,0x00000000e6b80000)
 ParOldGen       total 198144K, used 44837K [0x0000000080000000, 0x000000008c180000, 0x00000000d5580000)
  object space 198144K, 22% used [0x0000000080000000,0x0000000082bc9558,0x000000008c180000)
 Metaspace       used 90814K, capacity 96028K, committed 96088K, reserved 1132544K
  class space    used 12126K, capacity 13136K, committed 13184K, reserved 1048576K
Event: 55.044 GC heap after
Heap after GC invocations=16 (full 3):
 PSYoungGen      total 284672K, used 24568K [0x00000000d5580000, 0x00000000eb900000, 0x0000000100000000)
  eden space 260096K, 0% used [0x00000000d5580000,0x00000000d5580000,0x00000000e5380000)
  from space 24576K, 99% used [0x00000000e5380000,0x00000000e6b7e080,0x00000000e6b80000)
  to   space 30208K, 0% used [0x00000000e9b80000,0x00000000e9b80000,0x00000000eb900000)
 ParOldGen       total 198144K, used 51291K [0x0000000080000000, 0x000000008c180000, 0x00000000d5580000)
  object space 198144K, 25% used [0x0000000080000000,0x0000000083216f98,0x000000008c180000)
 Metaspace       used 90814K, capacity 96028K, committed 96088K, reserved 1132544K
  class space    used 12126K, capacity 13136K, committed 13184K, reserved 1048576K
}
Event: 56.588 GC heap before
{Heap before GC invocations=17 (full 3):
 PSYoungGen      total 284672K, used 128938K [0x00000000d5580000, 0x00000000eb900000, 0x0000000100000000)
  eden space 260096K, 40% used [0x00000000d5580000,0x00000000dbb6c7d0,0x00000000e5380000)
  from space 24576K, 99% used [0x00000000e5380000,0x00000000e6b7e080,0x00000000e6b80000)
  to   space 30208K, 0% used [0x00000000e9b80000,0x00000000e9b80000,0x00000000eb900000)
 ParOldGen       total 198144K, used 51291K [0x0000000080000000, 0x000000008c180000, 0x00000000d5580000)
  object space 198144K, 25% used [0x0000000080000000,0x0000000083216f98,0x000000008c180000)
 Metaspace       used 92683K, capacity 98288K, committed 98380K, reserved 1134592K
  class space    used 12322K, capacity 13432K, committed 13440K, reserved 1048576K
Event: 56.618 GC heap after
Heap after GC invocations=17 (full 3):
 PSYoungGen      total 334336K, used 9093K [0x00000000d5580000, 0x00000000ebb00000, 0x0000000100000000)
  eden space 304128K, 0% used [0x00000000d5580000,0x00000000d5580000,0x00000000e7e80000)
  from space 30208K, 30% used [0x00000000e9b80000,0x00000000ea4615e0,0x00000000eb900000)
  to   space 29696K, 0% used [0x00000000e7e80000,0x00000000e7e80000,0x00000000e9b80000)
 ParOldGen       total 198144K, used 74467K [0x0000000080000000, 0x000000008c180000, 0x00000000d5580000)
  object space 198144K, 37% used [0x0000000080000000,0x00000000848b8c40,0x000000008c180000)
 Metaspace       used 92683K, capacity 98288K, committed 98380K, reserved 1134592K
  class space    used 12322K, capacity 13432K, committed 13440K, reserved 1048576K
}
Event: 56.618 GC heap before
{Heap before GC invocations=18 (full 4):
 PSYoungGen      total 334336K, used 9093K [0x00000000d5580000, 0x00000000ebb00000, 0x0000000100000000)
  eden space 304128K, 0% used [0x00000000d5580000,0x00000000d5580000,0x00000000e7e80000)
  from space 30208K, 30% used [0x00000000e9b80000,0x00000000ea4615e0,0x00000000eb900000)
  to   space 29696K, 0% used [0x00000000e7e80000,0x00000000e7e80000,0x00000000e9b80000)
 ParOldGen       total 198144K, used 74467K [0x0000000080000000, 0x000000008c180000, 0x00000000d5580000)
  object space 198144K, 37% used [0x0000000080000000,0x00000000848b8c40,0x000000008c180000)
 Metaspace       used 92683K, capacity 98288K, committed 98380K, reserved 1134592K
  class space    used 12322K, capacity 13432K, committed 13440K, reserved 1048576K
Event: 56.876 GC heap after
Heap after GC invocations=18 (full 4):
 PSYoungGen      total 334336K, used 0K [0x00000000d5580000, 0x00000000ebb00000, 0x0000000100000000)
  eden space 304128K, 0% used [0x00000000d5580000,0x00000000d5580000,0x00000000e7e80000)
  from space 30208K, 0% used [0x00000000e9b80000,0x00000000e9b80000,0x00000000eb900000)
  to   space 29696K, 0% used [0x00000000e7e80000,0x00000000e7e80000,0x00000000e9b80000)
 ParOldGen       total 303104K, used 62379K [0x0000000080000000, 0x0000000092800000, 0x00000000d5580000)
  object space 303104K, 20% used [0x0000000080000000,0x0000000083ceada8,0x0000000092800000)
 Metaspace       used 92207K, capacity 96848K, committed 98380K, reserved 1134592K
  class space    used 12171K, capacity 13117K, committed 13440K, reserved 1048576K
}
Event: 96.597 GC heap before
{Heap before GC invocations=19 (full 4):
 PSYoungGen      total 334336K, used 304128K [0x00000000d5580000, 0x00000000ebb00000, 0x0000000100000000)
  eden space 304128K, 100% used [0x00000000d5580000,0x00000000e7e80000,0x00000000e7e80000)
  from space 30208K, 0% used [0x00000000e9b80000,0x00000000e9b80000,0x00000000eb900000)
  to   space 29696K, 0% used [0x00000000e7e80000,0x00000000e7e80000,0x00000000e9b80000)
 ParOldGen       total 303104K, used 62379K [0x0000000080000000, 0x0000000092800000, 0x00000000d5580000)
  object space 303104K, 20% used [0x0000000080000000,0x0000000083ceada8,0x0000000092800000)
 Metaspace       used 96865K, capacity 102038K, committed 102860K, reserved 1138688K
  class space    used 12727K, capacity 13818K, committed 14080K, reserved 1048576K
Event: 96.616 GC heap after
Heap after GC invocations=19 (full 4):
 PSYoungGen      total 333824K, used 23308K [0x00000000d5580000, 0x00000000ef080000, 0x0000000100000000)
  eden space 304128K, 0% used [0x00000000d5580000,0x00000000d5580000,0x00000000e7e80000)
  from space 29696K, 78% used [0x00000000e7e80000,0x00000000e9543108,0x00000000e9b80000)
  to   space 31744K, 0% used [0x00000000ed180000,0x00000000ed180000,0x00000000ef080000)
 ParOldGen       total 303104K, used 62387K [0x0000000080000000, 0x0000000092800000, 0x00000000d5580000)
  object space 303104K, 20% used [0x0000000080000000,0x0000000083cecda8,0x0000000092800000)
 Metaspace       used 96865K, capacity 102038K, committed 102860K, reserved 1138688K
  class space    used 12727K, capacity 13818K, committed 14080K, reserved 1048576K
}

